


          SolidWorks Corporation - STEP Processor Error Log
          ______________________________________________________

                       STEP Post Processor
                       ___________________


STEP File Name: C:\Users\admin\Documents\MINIPC\Grúa portico\dutton-lainson-wg1500-hex-drive-winch-1.snapshot.1\WG1500 Hex Drive (1).stp


Las superficies se procesaron satisfactoriamente
para formar el sólido.
STEP: la importación se ha completado.Las superficies se procesaron satisfactoriamente
para formar el sólido.
STEP: la importación se ha completado.Las superficies se procesaron satisfactoriamente
para formar el sólido.
STEP: la importación se ha completado.Las superficies se procesaron satisfactoriamente
para formar el sólido.
STEP: la importación se ha completado.Advertencia: Surface problem...Advertencia: Surface problem...Las superficies se procesaron satisfactoriamente
para formar el sólido.
STEP: la importación se ha completado.
Error: No se puede crear un sólido de superficies
recortadas.
STEP: la importación no se ha completado satisfactoriamente.
Las superficies se procesaron satisfactoriamente
para formar el sólido.
STEP: la importación se ha completado.Las superficies se procesaron satisfactoriamente
para formar el sólido.
STEP: la importación se ha completado.Las superficies se procesaron satisfactoriamente
para formar el sólido.
STEP: la importación se ha completado.Las superficies se procesaron satisfactoriamente
para formar el sólido.
STEP: la importación se ha completado.Las superficies se procesaron satisfactoriamente
para formar el sólido.
STEP: la importación se ha completado.Las superficies se procesaron satisfactoriamente
para formar el sólido.
STEP: la importación se ha completado.Las superficies se procesaron satisfactoriamente
para formar el sólido.
STEP: la importación se ha completado.
Error: No se puede crear un sólido de superficies
recortadas.
STEP: la importación no se ha completado satisfactoriamente.
Advertencia: Surface problem...Las superficies se procesaron satisfactoriamente
para formar el sólido.
STEP: la importación se ha completado.Las superficies se procesaron satisfactoriamente
para formar el sólido.
STEP: la importación se ha completado.Advertencia: Surface problem...Las superficies se procesaron satisfactoriamente
para formar el sólido.
STEP: la importación se ha completado.
Error: No se puede crear un sólido de superficies
recortadas.
STEP: la importación no se ha completado satisfactoriamente.
Advertencia: Surface problem...Las superficies se procesaron satisfactoriamente
para formar el sólido.
STEP: la importación se ha completado.Las superficies se procesaron satisfactoriamente
para formar el sólido.
STEP: la importación se ha completado.Las superficies se procesaron satisfactoriamente
para formar el sólido.
STEP: la importación se ha completado.Las superficies se procesaron satisfactoriamente
para formar el sólido.
STEP: la importación se ha completado.Las superficies se procesaron satisfactoriamente
para formar el sólido.
STEP: la importación se ha completado.Las superficies se procesaron satisfactoriamente
para formar el sólido.
STEP: la importación se ha completado.Las superficies se procesaron satisfactoriamente
para formar el sólido.
STEP: la importación se ha completado.Las superficies se procesaron satisfactoriamente
para formar el sólido.
STEP: la importación se ha completado.Las superficies se procesaron satisfactoriamente
para formar el sólido.
STEP: la importación se ha completado.#31673: Ring edge, vertex snapped onto curve
#31673: Ring edge, vertex snapped onto curve
#32018: Ring edge, vertex snapped onto curve
#32123: Ring edge, vertex snapped onto curve
#32018: Ring edge, vertex snapped onto curve
#32234: Ring edge, vertex snapped onto curve
#32123: Ring edge, vertex snapped onto curve
#32337: Ring edge, vertex snapped onto curve
#32234: Ring edge, vertex snapped onto curve
#32440: Ring edge, vertex snapped onto curve
#32337: Ring edge, vertex snapped onto curve
#32543: Ring edge, vertex snapped onto curve
#32440: Ring edge, vertex snapped onto curve
#32646: Ring edge, vertex snapped onto curve
#32543: Ring edge, vertex snapped onto curve
#32751: Ring edge, vertex snapped onto curve
#32646: Ring edge, vertex snapped onto curve
#32862: Ring edge, vertex snapped onto curve
#32751: Ring edge, vertex snapped onto curve
#32966: Ring edge, vertex snapped onto curve
#32862: Ring edge, vertex snapped onto curve
#32966: Ring edge, vertex snapped onto curve
#33235: Ring edge, vertex snapped onto curve
#33235: Ring edge, vertex snapped onto curve
Las superficies se procesaron satisfactoriamente
para formar el sólido.
STEP: la importación se ha completado.Las superficies se procesaron satisfactoriamente
para formar el sólido.
STEP: la importación se ha completado.Advertencia: Surface problem...Las superficies se procesaron satisfactoriamente
para formar el sólido.
STEP: la importación se ha completado.